<?xml version="1.0" encoding="UTF-8"?>
<testng-results skipped="0" failed="0" ignored="0" total="26" passed="26">
  <reporter-output>
  </reporter-output>
  <suite name="Parallel Class Runs" duration-ms="330118" started-at="2020-10-16T16:50:21 EDT" finished-at="2020-10-16T16:55:51 EDT">
    <groups>
      <group name="lsn-test-one">
        <method signature="Team9_PDP_EntryTestCases.TC_DD_PDP_Entry_Cases(java.util.Hashtable)[pri:0, instance:com.dollardays.testcases.Team9_PDP_EntryTestCases@b7f23d9]" name="TC_DD_PDP_Entry_Cases" class="com.dollardays.testcases.Team9_PDP_EntryTestCases"/>
        <method signature="Team9_PDP_LeftNavTestCases.TC_DD_PDP_LeftNavigation_Cases(java.util.Hashtable)[pri:0, instance:com.dollardays.testcases.Team9_PDP_LeftNavTestCases@61d47554]" name="TC_DD_PDP_LeftNavigation_Cases" class="com.dollardays.testcases.Team9_PDP_LeftNavTestCases"/>
        <method signature="Team9_ProductDescriptionPageTestCases.TC_DD_PDP_ProductDetails_Cases(java.util.Hashtable)[pri:0, instance:com.dollardays.testcases.Team9_ProductDescriptionPageTestCases@69b794e2]" name="TC_DD_PDP_ProductDetails_Cases" class="com.dollardays.testcases.Team9_ProductDescriptionPageTestCases"/>
      </group> <!-- lsn-test-one -->
      <group name="test-one-popup">
        <method signature="Team9_PDP_PopUpTestCases.TC_DD_PDP_Quantity_Cases(java.util.Hashtable)[pri:0, instance:com.dollardays.testcases.Team9_PDP_PopUpTestCases@58c1c010]" name="TC_DD_PDP_Quantity_Cases" class="com.dollardays.testcases.Team9_PDP_PopUpTestCases"/>
      </group> <!-- test-one-popup -->
    </groups>
    <test name="Test-class test" duration-ms="330118" started-at="2020-10-16T16:50:21 EDT" finished-at="2020-10-16T16:55:51 EDT">
      <class name="com.dollardays.testcases.Team9_PDP_LeftNavTestCases">
        <test-method status="PASS" signature="beforeClass()[pri:0, instance:com.dollardays.testcases.Team9_PDP_LeftNavTestCases@61d47554]" name="beforeClass" is-config="true" duration-ms="14" started-at="2020-10-16T16:50:21 EDT" finished-at="2020-10-16T16:50:21 EDT">
          <reporter-output>
          </reporter-output>
        </test-method> <!-- beforeClass -->
        <test-method status="PASS" signature="setUpBrowser()[pri:0, instance:com.dollardays.testcases.Team9_PDP_LeftNavTestCases@61d47554]" name="setUpBrowser" is-config="true" duration-ms="15472" started-at="2020-10-16T16:50:22 EDT" finished-at="2020-10-16T16:50:37 EDT">
          <reporter-output>
          </reporter-output>
        </test-method> <!-- setUpBrowser -->
        <test-method status="PASS" signature="TC_DD_PDP_LeftNavigation_Cases(java.util.Hashtable)[pri:0, instance:com.dollardays.testcases.Team9_PDP_LeftNavTestCases@61d47554]" name="TC_DD_PDP_LeftNavigation_Cases" duration-ms="28111" started-at="2020-10-16T16:50:37 EDT" data-provider="dd-dataprovider" finished-at="2020-10-16T16:51:05 EDT">
          <params>
            <param index="0">
              <value>
                <![CDATA[{TestCase=Verify Scrolling up, Password=cGFzc3dvcmQxMjM=, Runmode=No, SheetName=Left Navigation, Action Type=Scroll Up, UserName=srikanthtesting100@gmail.com, TCID=TC1}]]>
              </value>
            </param>
          </params>
          <reporter-output>
          </reporter-output>
        </test-method> <!-- TC_DD_PDP_LeftNavigation_Cases -->
        <test-method status="PASS" signature="quit()[pri:0, instance:com.dollardays.testcases.Team9_PDP_LeftNavTestCases@61d47554]" name="quit" is-config="true" duration-ms="946" started-at="2020-10-16T16:51:05 EDT" finished-at="2020-10-16T16:51:06 EDT">
          <reporter-output>
          </reporter-output>
        </test-method> <!-- quit -->
        <test-method status="PASS" signature="setUpBrowser()[pri:0, instance:com.dollardays.testcases.Team9_PDP_LeftNavTestCases@61d47554]" name="setUpBrowser" is-config="true" duration-ms="10178" started-at="2020-10-16T16:51:06 EDT" finished-at="2020-10-16T16:51:16 EDT">
          <reporter-output>
          </reporter-output>
        </test-method> <!-- setUpBrowser -->
        <test-method status="PASS" signature="TC_DD_PDP_LeftNavigation_Cases(java.util.Hashtable)[pri:0, instance:com.dollardays.testcases.Team9_PDP_LeftNavTestCases@61d47554]" name="TC_DD_PDP_LeftNavigation_Cases" duration-ms="21698" started-at="2020-10-16T16:51:16 EDT" data-provider="dd-dataprovider" finished-at="2020-10-16T16:51:38 EDT">
          <params>
            <param index="0">
              <value>
                <![CDATA[{TestCase=Verify Scrolling Down, Password=cGFzc3dvcmQxMjM=, Runmode=No, SheetName=Left Navigation, Action Type=Scroll Down, UserName=srikanthtesting100@gmail.com, TCID=TC2}]]>
              </value>
            </param>
          </params>
          <reporter-output>
          </reporter-output>
        </test-method> <!-- TC_DD_PDP_LeftNavigation_Cases -->
        <test-method status="PASS" signature="quit()[pri:0, instance:com.dollardays.testcases.Team9_PDP_LeftNavTestCases@61d47554]" name="quit" is-config="true" duration-ms="2446" started-at="2020-10-16T16:51:38 EDT" finished-at="2020-10-16T16:51:41 EDT">
          <reporter-output>
          </reporter-output>
        </test-method> <!-- quit -->
        <test-method status="PASS" signature="setUpBrowser()[pri:0, instance:com.dollardays.testcases.Team9_PDP_LeftNavTestCases@61d47554]" name="setUpBrowser" is-config="true" duration-ms="9934" started-at="2020-10-16T16:51:41 EDT" finished-at="2020-10-16T16:51:50 EDT">
          <reporter-output>
          </reporter-output>
        </test-method> <!-- setUpBrowser -->
        <test-method status="PASS" signature="TC_DD_PDP_LeftNavigation_Cases(java.util.Hashtable)[pri:0, instance:com.dollardays.testcases.Team9_PDP_LeftNavTestCases@61d47554]" name="TC_DD_PDP_LeftNavigation_Cases" duration-ms="21472" started-at="2020-10-16T16:51:50 EDT" data-provider="dd-dataprovider" finished-at="2020-10-16T16:52:12 EDT">
          <params>
            <param index="0">
              <value>
                <![CDATA[{TestCase=Verify Zooming In, Password=cGFzc3dvcmQxMjM=, Runmode=No, SheetName=Left Navigation, Action Type=Zoom in, UserName=srikanthtesting100@gmail.com, TCID=TC3}]]>
              </value>
            </param>
          </params>
          <reporter-output>
          </reporter-output>
        </test-method> <!-- TC_DD_PDP_LeftNavigation_Cases -->
        <test-method status="PASS" signature="quit()[pri:0, instance:com.dollardays.testcases.Team9_PDP_LeftNavTestCases@61d47554]" name="quit" is-config="true" duration-ms="1052" started-at="2020-10-16T16:52:12 EDT" finished-at="2020-10-16T16:52:13 EDT">
          <reporter-output>
          </reporter-output>
        </test-method> <!-- quit -->
        <test-method status="PASS" signature="setUpBrowser()[pri:0, instance:com.dollardays.testcases.Team9_PDP_LeftNavTestCases@61d47554]" name="setUpBrowser" is-config="true" duration-ms="10380" started-at="2020-10-16T16:52:13 EDT" finished-at="2020-10-16T16:52:23 EDT">
          <reporter-output>
          </reporter-output>
        </test-method> <!-- setUpBrowser -->
        <test-method status="PASS" signature="TC_DD_PDP_LeftNavigation_Cases(java.util.Hashtable)[pri:0, instance:com.dollardays.testcases.Team9_PDP_LeftNavTestCases@61d47554]" name="TC_DD_PDP_LeftNavigation_Cases" duration-ms="22118" started-at="2020-10-16T16:52:23 EDT" data-provider="dd-dataprovider" finished-at="2020-10-16T16:52:45 EDT">
          <params>
            <param index="0">
              <value>
                <![CDATA[{TestCase=Verify Zooming Out, Password=cGFzc3dvcmQxMjM=, Runmode=No, SheetName=Left Navigation, Action Type=Zoom out, UserName=srikanthtesting100@gmail.com, TCID=TC4}]]>
              </value>
            </param>
          </params>
          <reporter-output>
          </reporter-output>
        </test-method> <!-- TC_DD_PDP_LeftNavigation_Cases -->
        <test-method status="PASS" signature="quit()[pri:0, instance:com.dollardays.testcases.Team9_PDP_LeftNavTestCases@61d47554]" name="quit" is-config="true" duration-ms="1008" started-at="2020-10-16T16:52:45 EDT" finished-at="2020-10-16T16:52:47 EDT">
          <reporter-output>
          </reporter-output>
        </test-method> <!-- quit -->
        <test-method status="PASS" signature="setUpBrowser()[pri:0, instance:com.dollardays.testcases.Team9_PDP_LeftNavTestCases@61d47554]" name="setUpBrowser" is-config="true" duration-ms="10337" started-at="2020-10-16T16:52:47 EDT" finished-at="2020-10-16T16:52:57 EDT">
          <reporter-output>
          </reporter-output>
        </test-method> <!-- setUpBrowser -->
        <test-method status="PASS" signature="TC_DD_PDP_LeftNavigation_Cases(java.util.Hashtable)[pri:0, instance:com.dollardays.testcases.Team9_PDP_LeftNavTestCases@61d47554]" name="TC_DD_PDP_LeftNavigation_Cases" duration-ms="22317" started-at="2020-10-16T16:52:57 EDT" data-provider="dd-dataprovider" finished-at="2020-10-16T16:53:19 EDT">
          <params>
            <param index="0">
              <value>
                <![CDATA[{TestCase=Verify Next Image, Password=cGFzc3dvcmQxMjM=, Runmode=No, SheetName=Left Navigation, Action Type=Next Image, UserName=srikanthtesting100@gmail.com, TCID=TC5}]]>
              </value>
            </param>
          </params>
          <reporter-output>
          </reporter-output>
        </test-method> <!-- TC_DD_PDP_LeftNavigation_Cases -->
        <test-method status="PASS" signature="quit()[pri:0, instance:com.dollardays.testcases.Team9_PDP_LeftNavTestCases@61d47554]" name="quit" is-config="true" duration-ms="1462" started-at="2020-10-16T16:53:19 EDT" finished-at="2020-10-16T16:53:21 EDT">
          <reporter-output>
          </reporter-output>
        </test-method> <!-- quit -->
        <test-method status="PASS" signature="setUpBrowser()[pri:0, instance:com.dollardays.testcases.Team9_PDP_LeftNavTestCases@61d47554]" name="setUpBrowser" is-config="true" duration-ms="10780" started-at="2020-10-16T16:53:21 EDT" finished-at="2020-10-16T16:53:31 EDT">
          <reporter-output>
          </reporter-output>
        </test-method> <!-- setUpBrowser -->
        <test-method status="PASS" signature="TC_DD_PDP_LeftNavigation_Cases(java.util.Hashtable)[pri:0, instance:com.dollardays.testcases.Team9_PDP_LeftNavTestCases@61d47554]" name="TC_DD_PDP_LeftNavigation_Cases" duration-ms="25126" started-at="2020-10-16T16:53:31 EDT" data-provider="dd-dataprovider" finished-at="2020-10-16T16:53:57 EDT">
          <params>
            <param index="0">
              <value>
                <![CDATA[{TestCase=Verify Previous Image, Password=cGFzc3dvcmQxMjM=, Runmode=No, SheetName=Left Navigation, Action Type=Previous Image, UserName=srikanthtesting100@gmail.com, TCID=TC6}]]>
              </value>
            </param>
          </params>
          <reporter-output>
          </reporter-output>
        </test-method> <!-- TC_DD_PDP_LeftNavigation_Cases -->
        <test-method status="PASS" signature="quit()[pri:0, instance:com.dollardays.testcases.Team9_PDP_LeftNavTestCases@61d47554]" name="quit" is-config="true" duration-ms="919" started-at="2020-10-16T16:53:57 EDT" finished-at="2020-10-16T16:53:57 EDT">
          <reporter-output>
          </reporter-output>
        </test-method> <!-- quit -->
        <test-method status="PASS" signature="setUpBrowser()[pri:0, instance:com.dollardays.testcases.Team9_PDP_LeftNavTestCases@61d47554]" name="setUpBrowser" is-config="true" duration-ms="10294" started-at="2020-10-16T16:53:57 EDT" finished-at="2020-10-16T16:54:08 EDT">
          <reporter-output>
          </reporter-output>
        </test-method> <!-- setUpBrowser -->
        <test-method status="PASS" signature="TC_DD_PDP_LeftNavigation_Cases(java.util.Hashtable)[pri:0, instance:com.dollardays.testcases.Team9_PDP_LeftNavTestCases@61d47554]" name="TC_DD_PDP_LeftNavigation_Cases" duration-ms="20405" started-at="2020-10-16T16:54:08 EDT" data-provider="dd-dataprovider" finished-at="2020-10-16T16:54:28 EDT">
          <params>
            <param index="0">
              <value>
                <![CDATA[{TestCase=Verify 360 degrees, Password=cGFzc3dvcmQxMjM=, Runmode=No, SheetName=Left Navigation, Action Type=360 degrees, UserName=srikanthtesting100@gmail.com, TCID=TC7}]]>
              </value>
            </param>
          </params>
          <reporter-output>
          </reporter-output>
        </test-method> <!-- TC_DD_PDP_LeftNavigation_Cases -->
        <test-method status="PASS" signature="quit()[pri:0, instance:com.dollardays.testcases.Team9_PDP_LeftNavTestCases@61d47554]" name="quit" is-config="true" duration-ms="890" started-at="2020-10-16T16:54:28 EDT" finished-at="2020-10-16T16:54:29 EDT">
          <reporter-output>
          </reporter-output>
        </test-method> <!-- quit -->
        <test-method status="PASS" signature="afterClass()[pri:0, instance:com.dollardays.testcases.Team9_PDP_LeftNavTestCases@61d47554]" name="afterClass" is-config="true" duration-ms="1" started-at="2020-10-16T16:54:29 EDT" finished-at="2020-10-16T16:54:29 EDT">
          <reporter-output>
          </reporter-output>
        </test-method> <!-- afterClass -->
      </class> <!-- com.dollardays.testcases.Team9_PDP_LeftNavTestCases -->
      <class name="com.dollardays.testcases.Team9_PDP_EntryTestCases">
        <test-method status="PASS" signature="beforeClass()[pri:0, instance:com.dollardays.testcases.Team9_PDP_EntryTestCases@b7f23d9]" name="beforeClass" is-config="true" duration-ms="14" started-at="2020-10-16T16:50:21 EDT" finished-at="2020-10-16T16:50:21 EDT">
          <reporter-output>
          </reporter-output>
        </test-method> <!-- beforeClass -->
        <test-method status="PASS" signature="setUpBrowser()[pri:0, instance:com.dollardays.testcases.Team9_PDP_EntryTestCases@b7f23d9]" name="setUpBrowser" is-config="true" duration-ms="14324" started-at="2020-10-16T16:50:22 EDT" finished-at="2020-10-16T16:50:36 EDT">
          <reporter-output>
          </reporter-output>
        </test-method> <!-- setUpBrowser -->
        <test-method status="PASS" signature="TC_DD_PDP_Entry_Cases(java.util.Hashtable)[pri:0, instance:com.dollardays.testcases.Team9_PDP_EntryTestCases@b7f23d9]" name="TC_DD_PDP_Entry_Cases" duration-ms="30024" started-at="2020-10-16T16:50:36 EDT" data-provider="dd-dataprovider" finished-at="2020-10-16T16:51:06 EDT">
          <params>
            <param index="0">
              <value>
                <![CDATA[{TestCase=Verifying with Alpha characters, xpathClass=, TCID=TC1, SheetName=Entry, Runmode=No, UserName=srikanthtesting100@gmail.com, xpath=, Product=, Password=cGFzc3dvcmQxMjM=, xpathId=, Qty=ABCDE}]]>
              </value>
            </param>
          </params>
          <reporter-output>
          </reporter-output>
        </test-method> <!-- TC_DD_PDP_Entry_Cases -->
        <test-method status="PASS" signature="quit()[pri:0, instance:com.dollardays.testcases.Team9_PDP_EntryTestCases@b7f23d9]" name="quit" is-config="true" duration-ms="1274" started-at="2020-10-16T16:51:06 EDT" finished-at="2020-10-16T16:51:07 EDT">
          <reporter-output>
          </reporter-output>
        </test-method> <!-- quit -->
        <test-method status="PASS" signature="setUpBrowser()[pri:0, instance:com.dollardays.testcases.Team9_PDP_EntryTestCases@b7f23d9]" name="setUpBrowser" is-config="true" duration-ms="10781" started-at="2020-10-16T16:51:07 EDT" finished-at="2020-10-16T16:51:18 EDT">
          <reporter-output>
          </reporter-output>
        </test-method> <!-- setUpBrowser -->
        <test-method status="PASS" signature="TC_DD_PDP_Entry_Cases(java.util.Hashtable)[pri:0, instance:com.dollardays.testcases.Team9_PDP_EntryTestCases@b7f23d9]" name="TC_DD_PDP_Entry_Cases" duration-ms="28137" started-at="2020-10-16T16:51:18 EDT" data-provider="dd-dataprovider" finished-at="2020-10-16T16:51:46 EDT">
          <params>
            <param index="0">
              <value>
                <![CDATA[{TestCase=Verifying with Special Characters, xpathClass=, TCID=TC2, SheetName=Entry, Runmode=No, UserName=srikanthtesting100@gmail.com, xpath=, Product=, Password=cGFzc3dvcmQxMjM=, xpathId=, Qty=!@#$}]]>
              </value>
            </param>
          </params>
          <reporter-output>
          </reporter-output>
        </test-method> <!-- TC_DD_PDP_Entry_Cases -->
        <test-method status="PASS" signature="quit()[pri:0, instance:com.dollardays.testcases.Team9_PDP_EntryTestCases@b7f23d9]" name="quit" is-config="true" duration-ms="1593" started-at="2020-10-16T16:51:46 EDT" finished-at="2020-10-16T16:51:48 EDT">
          <reporter-output>
          </reporter-output>
        </test-method> <!-- quit -->
        <test-method status="PASS" signature="afterClass()[pri:0, instance:com.dollardays.testcases.Team9_PDP_EntryTestCases@b7f23d9]" name="afterClass" is-config="true" duration-ms="0" started-at="2020-10-16T16:51:48 EDT" finished-at="2020-10-16T16:51:48 EDT">
          <reporter-output>
          </reporter-output>
        </test-method> <!-- afterClass -->
      </class> <!-- com.dollardays.testcases.Team9_PDP_EntryTestCases -->
      <class name="com.dollardays.testcases.Team9_ProductDescriptionPageTestCases">
        <test-method status="PASS" signature="beforeClass()[pri:0, instance:com.dollardays.testcases.Team9_ProductDescriptionPageTestCases@69b794e2]" name="beforeClass" is-config="true" duration-ms="14" started-at="2020-10-16T16:50:21 EDT" finished-at="2020-10-16T16:50:21 EDT">
          <reporter-output>
          </reporter-output>
        </test-method> <!-- beforeClass -->
        <test-method status="PASS" signature="setUpBrowser()[pri:0, instance:com.dollardays.testcases.Team9_ProductDescriptionPageTestCases@69b794e2]" name="setUpBrowser" is-config="true" duration-ms="14976" started-at="2020-10-16T16:50:22 EDT" finished-at="2020-10-16T16:50:37 EDT">
          <reporter-output>
          </reporter-output>
        </test-method> <!-- setUpBrowser -->
        <test-method status="PASS" signature="TC_DD_PDP_ProductDetails_Cases(java.util.Hashtable)[pri:0, instance:com.dollardays.testcases.Team9_ProductDescriptionPageTestCases@69b794e2]" name="TC_DD_PDP_ProductDetails_Cases" duration-ms="24017" started-at="2020-10-16T16:50:37 EDT" data-provider="dd-dataprovider" finished-at="2020-10-16T16:51:01 EDT">
          <params>
            <param index="0">
              <value>
                <![CDATA[{TestCase=Verify Image is displayed., Password=cGFzc3dvcmQxMjM=, Runmode=Yes, SheetName=Product Details, Verify Value=Image, UserName=srikanthtesting100@gmail.com, TCID=TC1}]]>
              </value>
            </param>
          </params>
          <reporter-output>
          </reporter-output>
        </test-method> <!-- TC_DD_PDP_ProductDetails_Cases -->
        <test-method status="PASS" signature="quit()[pri:0, instance:com.dollardays.testcases.Team9_ProductDescriptionPageTestCases@69b794e2]" name="quit" is-config="true" duration-ms="2066" started-at="2020-10-16T16:51:01 EDT" finished-at="2020-10-16T16:51:03 EDT">
          <reporter-output>
          </reporter-output>
        </test-method> <!-- quit -->
        <test-method status="PASS" signature="setUpBrowser()[pri:0, instance:com.dollardays.testcases.Team9_ProductDescriptionPageTestCases@69b794e2]" name="setUpBrowser" is-config="true" duration-ms="9539" started-at="2020-10-16T16:51:03 EDT" finished-at="2020-10-16T16:51:12 EDT">
          <reporter-output>
          </reporter-output>
        </test-method> <!-- setUpBrowser -->
        <test-method status="PASS" signature="TC_DD_PDP_ProductDetails_Cases(java.util.Hashtable)[pri:0, instance:com.dollardays.testcases.Team9_ProductDescriptionPageTestCases@69b794e2]" name="TC_DD_PDP_ProductDetails_Cases" duration-ms="21576" started-at="2020-10-16T16:51:12 EDT" data-provider="dd-dataprovider" finished-at="2020-10-16T16:51:34 EDT">
          <params>
            <param index="0">
              <value>
                <![CDATA[{TestCase=Verify Price is displayed., Password=cGFzc3dvcmQxMjM=, Runmode=Yes, SheetName=Product Details, Verify Value=Price, UserName=srikanthtesting100@gmail.com, TCID=TC2}]]>
              </value>
            </param>
          </params>
          <reporter-output>
          </reporter-output>
        </test-method> <!-- TC_DD_PDP_ProductDetails_Cases -->
        <test-method status="PASS" signature="quit()[pri:0, instance:com.dollardays.testcases.Team9_ProductDescriptionPageTestCases@69b794e2]" name="quit" is-config="true" duration-ms="3600" started-at="2020-10-16T16:51:34 EDT" finished-at="2020-10-16T16:51:37 EDT">
          <reporter-output>
          </reporter-output>
        </test-method> <!-- quit -->
        <test-method status="PASS" signature="setUpBrowser()[pri:0, instance:com.dollardays.testcases.Team9_ProductDescriptionPageTestCases@69b794e2]" name="setUpBrowser" is-config="true" duration-ms="10132" started-at="2020-10-16T16:51:37 EDT" finished-at="2020-10-16T16:51:48 EDT">
          <reporter-output>
          </reporter-output>
        </test-method> <!-- setUpBrowser -->
        <test-method status="PASS" signature="TC_DD_PDP_ProductDetails_Cases(java.util.Hashtable)[pri:0, instance:com.dollardays.testcases.Team9_ProductDescriptionPageTestCases@69b794e2]" name="TC_DD_PDP_ProductDetails_Cases" duration-ms="20331" started-at="2020-10-16T16:51:48 EDT" data-provider="dd-dataprovider" finished-at="2020-10-16T16:52:08 EDT">
          <params>
            <param index="0">
              <value>
                <![CDATA[{TestCase=Verify Product specifications are displayed., Password=cGFzc3dvcmQxMjM=, Runmode=Yes, SheetName=Product Details, Verify Value=Product Specifications, UserName=srikanthtesting100@gmail.com, TCID=TC3}]]>
              </value>
            </param>
          </params>
          <reporter-output>
          </reporter-output>
        </test-method> <!-- TC_DD_PDP_ProductDetails_Cases -->
        <test-method status="PASS" signature="quit()[pri:0, instance:com.dollardays.testcases.Team9_ProductDescriptionPageTestCases@69b794e2]" name="quit" is-config="true" duration-ms="828" started-at="2020-10-16T16:52:08 EDT" finished-at="2020-10-16T16:52:09 EDT">
          <reporter-output>
          </reporter-output>
        </test-method> <!-- quit -->
        <test-method status="PASS" signature="setUpBrowser()[pri:0, instance:com.dollardays.testcases.Team9_ProductDescriptionPageTestCases@69b794e2]" name="setUpBrowser" is-config="true" duration-ms="9264" started-at="2020-10-16T16:52:09 EDT" finished-at="2020-10-16T16:52:18 EDT">
          <reporter-output>
          </reporter-output>
        </test-method> <!-- setUpBrowser -->
        <test-method status="PASS" signature="TC_DD_PDP_ProductDetails_Cases(java.util.Hashtable)[pri:0, instance:com.dollardays.testcases.Team9_ProductDescriptionPageTestCases@69b794e2]" name="TC_DD_PDP_ProductDetails_Cases" duration-ms="19659" started-at="2020-10-16T16:52:18 EDT" data-provider="dd-dataprovider" finished-at="2020-10-16T16:52:38 EDT">
          <params>
            <param index="0">
              <value>
                <![CDATA[{TestCase=Verify Product seller ratings are displayed., Password=cGFzc3dvcmQxMjM=, Runmode=Yes, SheetName=Product Details, Verify Value=Ratings, UserName=srikanthtesting100@gmail.com, TCID=TC4}]]>
              </value>
            </param>
          </params>
          <reporter-output>
          </reporter-output>
        </test-method> <!-- TC_DD_PDP_ProductDetails_Cases -->
        <test-method status="PASS" signature="quit()[pri:0, instance:com.dollardays.testcases.Team9_ProductDescriptionPageTestCases@69b794e2]" name="quit" is-config="true" duration-ms="963" started-at="2020-10-16T16:52:38 EDT" finished-at="2020-10-16T16:52:39 EDT">
          <reporter-output>
          </reporter-output>
        </test-method> <!-- quit -->
        <test-method status="PASS" signature="setUpBrowser()[pri:0, instance:com.dollardays.testcases.Team9_ProductDescriptionPageTestCases@69b794e2]" name="setUpBrowser" is-config="true" duration-ms="11555" started-at="2020-10-16T16:52:39 EDT" finished-at="2020-10-16T16:52:50 EDT">
          <reporter-output>
          </reporter-output>
        </test-method> <!-- setUpBrowser -->
        <test-method status="PASS" signature="TC_DD_PDP_ProductDetails_Cases(java.util.Hashtable)[pri:0, instance:com.dollardays.testcases.Team9_ProductDescriptionPageTestCases@69b794e2]" name="TC_DD_PDP_ProductDetails_Cases" duration-ms="20709" started-at="2020-10-16T16:52:50 EDT" data-provider="dd-dataprovider" finished-at="2020-10-16T16:53:11 EDT">
          <params>
            <param index="0">
              <value>
                <![CDATA[{TestCase=Verify all variations of product are displayed., Password=cGFzc3dvcmQxMjM=, Runmode=Yes, SheetName=Product Details, Verify Value=Variations, UserName=srikanthtesting100@gmail.com, TCID=TC5}]]>
              </value>
            </param>
          </params>
          <reporter-output>
          </reporter-output>
        </test-method> <!-- TC_DD_PDP_ProductDetails_Cases -->
        <test-method status="PASS" signature="quit()[pri:0, instance:com.dollardays.testcases.Team9_ProductDescriptionPageTestCases@69b794e2]" name="quit" is-config="true" duration-ms="843" started-at="2020-10-16T16:53:11 EDT" finished-at="2020-10-16T16:53:12 EDT">
          <reporter-output>
          </reporter-output>
        </test-method> <!-- quit -->
        <test-method status="PASS" signature="setUpBrowser()[pri:0, instance:com.dollardays.testcases.Team9_ProductDescriptionPageTestCases@69b794e2]" name="setUpBrowser" is-config="true" duration-ms="9775" started-at="2020-10-16T16:53:12 EDT" finished-at="2020-10-16T16:53:22 EDT">
          <reporter-output>
          </reporter-output>
        </test-method> <!-- setUpBrowser -->
        <test-method status="PASS" signature="TC_DD_PDP_ProductDetails_Cases(java.util.Hashtable)[pri:0, instance:com.dollardays.testcases.Team9_ProductDescriptionPageTestCases@69b794e2]" name="TC_DD_PDP_ProductDetails_Cases" duration-ms="21194" started-at="2020-10-16T16:53:22 EDT" data-provider="dd-dataprovider" finished-at="2020-10-16T16:53:43 EDT">
          <params>
            <param index="0">
              <value>
                <![CDATA[{TestCase=Verify Add to Cart is displayed., Password=cGFzc3dvcmQxMjM=, Runmode=Yes, SheetName=Product Details, Verify Value=Add to Cart, UserName=srikanthtesting100@gmail.com, TCID=TC6}]]>
              </value>
            </param>
          </params>
          <reporter-output>
          </reporter-output>
        </test-method> <!-- TC_DD_PDP_ProductDetails_Cases -->
        <test-method status="PASS" signature="quit()[pri:0, instance:com.dollardays.testcases.Team9_ProductDescriptionPageTestCases@69b794e2]" name="quit" is-config="true" duration-ms="974" started-at="2020-10-16T16:53:43 EDT" finished-at="2020-10-16T16:53:44 EDT">
          <reporter-output>
          </reporter-output>
        </test-method> <!-- quit -->
        <test-method status="PASS" signature="setUpBrowser()[pri:0, instance:com.dollardays.testcases.Team9_ProductDescriptionPageTestCases@69b794e2]" name="setUpBrowser" is-config="true" duration-ms="9155" started-at="2020-10-16T16:53:44 EDT" finished-at="2020-10-16T16:53:53 EDT">
          <reporter-output>
          </reporter-output>
        </test-method> <!-- setUpBrowser -->
        <test-method status="PASS" signature="TC_DD_PDP_ProductDetails_Cases(java.util.Hashtable)[pri:0, instance:com.dollardays.testcases.Team9_ProductDescriptionPageTestCases@69b794e2]" name="TC_DD_PDP_ProductDetails_Cases" duration-ms="20542" started-at="2020-10-16T16:53:53 EDT" data-provider="dd-dataprovider" finished-at="2020-10-16T16:54:13 EDT">
          <params>
            <param index="0">
              <value>
                <![CDATA[{TestCase=Verify Product description is displayed., Password=cGFzc3dvcmQxMjM=, Runmode=Yes, SheetName=Product Details, Verify Value=Product Description, UserName=srikanthtesting100@gmail.com, TCID=TC7}]]>
              </value>
            </param>
          </params>
          <reporter-output>
          </reporter-output>
        </test-method> <!-- TC_DD_PDP_ProductDetails_Cases -->
        <test-method status="PASS" signature="quit()[pri:0, instance:com.dollardays.testcases.Team9_ProductDescriptionPageTestCases@69b794e2]" name="quit" is-config="true" duration-ms="1503" started-at="2020-10-16T16:54:13 EDT" finished-at="2020-10-16T16:54:15 EDT">
          <reporter-output>
          </reporter-output>
        </test-method> <!-- quit -->
        <test-method status="PASS" signature="setUpBrowser()[pri:0, instance:com.dollardays.testcases.Team9_ProductDescriptionPageTestCases@69b794e2]" name="setUpBrowser" is-config="true" duration-ms="10529" started-at="2020-10-16T16:54:15 EDT" finished-at="2020-10-16T16:54:25 EDT">
          <reporter-output>
          </reporter-output>
        </test-method> <!-- setUpBrowser -->
        <test-method status="PASS" signature="TC_DD_PDP_ProductDetails_Cases(java.util.Hashtable)[pri:0, instance:com.dollardays.testcases.Team9_ProductDescriptionPageTestCases@69b794e2]" name="TC_DD_PDP_ProductDetails_Cases" duration-ms="16892" started-at="2020-10-16T16:54:25 EDT" data-provider="dd-dataprovider" finished-at="2020-10-16T16:54:42 EDT">
          <params>
            <param index="0">
              <value>
                <![CDATA[{TestCase=Verify "Have a question?" Field is displayed., Password=cGFzc3dvcmQxMjM=, Runmode=Yes, SheetName=Product Details, Verify Value=Have a question, UserName=srikanthtesting100@gmail.com, TCID=TC8}]]>
              </value>
            </param>
          </params>
          <reporter-output>
          </reporter-output>
        </test-method> <!-- TC_DD_PDP_ProductDetails_Cases -->
        <test-method status="PASS" signature="quit()[pri:0, instance:com.dollardays.testcases.Team9_ProductDescriptionPageTestCases@69b794e2]" name="quit" is-config="true" duration-ms="887" started-at="2020-10-16T16:54:42 EDT" finished-at="2020-10-16T16:54:43 EDT">
          <reporter-output>
          </reporter-output>
        </test-method> <!-- quit -->
        <test-method status="PASS" signature="setUpBrowser()[pri:0, instance:com.dollardays.testcases.Team9_ProductDescriptionPageTestCases@69b794e2]" name="setUpBrowser" is-config="true" duration-ms="9616" started-at="2020-10-16T16:54:43 EDT" finished-at="2020-10-16T16:54:53 EDT">
          <reporter-output>
          </reporter-output>
        </test-method> <!-- setUpBrowser -->
        <test-method status="PASS" signature="TC_DD_PDP_ProductDetails_Cases(java.util.Hashtable)[pri:0, instance:com.dollardays.testcases.Team9_ProductDescriptionPageTestCases@69b794e2]" name="TC_DD_PDP_ProductDetails_Cases" duration-ms="17523" started-at="2020-10-16T16:54:53 EDT" data-provider="dd-dataprovider" finished-at="2020-10-16T16:55:10 EDT">
          <params>
            <param index="0">
              <value>
                <![CDATA[{TestCase=Verify Write review button is displayed., Password=cGFzc3dvcmQxMjM=, Runmode=Yes, SheetName=Product Details, Verify Value=Write Review, UserName=srikanthtesting100@gmail.com, TCID=TC9}]]>
              </value>
            </param>
          </params>
          <reporter-output>
          </reporter-output>
        </test-method> <!-- TC_DD_PDP_ProductDetails_Cases -->
        <test-method status="PASS" signature="quit()[pri:0, instance:com.dollardays.testcases.Team9_ProductDescriptionPageTestCases@69b794e2]" name="quit" is-config="true" duration-ms="894" started-at="2020-10-16T16:55:10 EDT" finished-at="2020-10-16T16:55:11 EDT">
          <reporter-output>
          </reporter-output>
        </test-method> <!-- quit -->
        <test-method status="PASS" signature="afterClass()[pri:0, instance:com.dollardays.testcases.Team9_ProductDescriptionPageTestCases@69b794e2]" name="afterClass" is-config="true" duration-ms="0" started-at="2020-10-16T16:55:11 EDT" finished-at="2020-10-16T16:55:11 EDT">
          <reporter-output>
          </reporter-output>
        </test-method> <!-- afterClass -->
      </class> <!-- com.dollardays.testcases.Team9_ProductDescriptionPageTestCases -->
      <class name="com.dollardays.testcases.Team9_PDP_PopUpTestCases">
        <test-method status="PASS" signature="beforeClass()[pri:0, instance:com.dollardays.testcases.Team9_PDP_PopUpTestCases@58c1c010]" name="beforeClass" is-config="true" duration-ms="14" started-at="2020-10-16T16:50:21 EDT" finished-at="2020-10-16T16:50:21 EDT">
          <reporter-output>
          </reporter-output>
        </test-method> <!-- beforeClass -->
        <test-method status="PASS" signature="setUpBrowser()[pri:0, instance:com.dollardays.testcases.Team9_PDP_PopUpTestCases@58c1c010]" name="setUpBrowser" is-config="true" duration-ms="15540" started-at="2020-10-16T16:50:22 EDT" finished-at="2020-10-16T16:50:37 EDT">
          <reporter-output>
          </reporter-output>
        </test-method> <!-- setUpBrowser -->
        <test-method status="PASS" signature="TC_DD_PDP_Quantity_Cases(java.util.Hashtable)[pri:0, instance:com.dollardays.testcases.Team9_PDP_PopUpTestCases@58c1c010]" name="TC_DD_PDP_Quantity_Cases" duration-ms="37688" started-at="2020-10-16T16:50:37 EDT" data-provider="dd-dataprovider" finished-at="2020-10-16T16:51:15 EDT">
          <params>
            <param index="0">
              <value>
                <![CDATA[{Close Popup?=CloseBtn, TestCase=Zero Qty,  Unlimited checkbox unchecked, Close popup by pressing Close button, TCID=TC1, SheetName=Popup, Runmode=No, UserName=srikanthtesting100@gmail.com, Password=cGFzc3dvcmQxMjM=, Unlimited Check?=No, Qty=0.0}]]>
              </value>
            </param>
          </params>
          <reporter-output>
          </reporter-output>
        </test-method> <!-- TC_DD_PDP_Quantity_Cases -->
        <test-method status="PASS" signature="quit()[pri:0, instance:com.dollardays.testcases.Team9_PDP_PopUpTestCases@58c1c010]" name="quit" is-config="true" duration-ms="9111" started-at="2020-10-16T16:51:15 EDT" finished-at="2020-10-16T16:51:24 EDT">
          <reporter-output>
          </reporter-output>
        </test-method> <!-- quit -->
        <test-method status="PASS" signature="setUpBrowser()[pri:0, instance:com.dollardays.testcases.Team9_PDP_PopUpTestCases@58c1c010]" name="setUpBrowser" is-config="true" duration-ms="11625" started-at="2020-10-16T16:51:24 EDT" finished-at="2020-10-16T16:51:36 EDT">
          <reporter-output>
          </reporter-output>
        </test-method> <!-- setUpBrowser -->
        <test-method status="PASS" signature="TC_DD_PDP_Quantity_Cases(java.util.Hashtable)[pri:0, instance:com.dollardays.testcases.Team9_PDP_PopUpTestCases@58c1c010]" name="TC_DD_PDP_Quantity_Cases" duration-ms="27967" started-at="2020-10-16T16:51:36 EDT" data-provider="dd-dataprovider" finished-at="2020-10-16T16:52:04 EDT">
          <params>
            <param index="0">
              <value>
                <![CDATA[{Close Popup?=Invalid, TestCase=Valid Qty,  Unlimited checkbox unchecked, TCID=TC2, SheetName=Popup, Runmode=No, UserName=srikanthtesting100@gmail.com, Password=cGFzc3dvcmQxMjM=, Unlimited Check?=No, Qty=10.0}]]>
              </value>
            </param>
          </params>
          <reporter-output>
          </reporter-output>
        </test-method> <!-- TC_DD_PDP_Quantity_Cases -->
        <test-method status="PASS" signature="quit()[pri:0, instance:com.dollardays.testcases.Team9_PDP_PopUpTestCases@58c1c010]" name="quit" is-config="true" duration-ms="1097" started-at="2020-10-16T16:52:04 EDT" finished-at="2020-10-16T16:52:05 EDT">
          <reporter-output>
          </reporter-output>
        </test-method> <!-- quit -->
        <test-method status="PASS" signature="setUpBrowser()[pri:0, instance:com.dollardays.testcases.Team9_PDP_PopUpTestCases@58c1c010]" name="setUpBrowser" is-config="true" duration-ms="9778" started-at="2020-10-16T16:52:05 EDT" finished-at="2020-10-16T16:52:14 EDT">
          <reporter-output>
          </reporter-output>
        </test-method> <!-- setUpBrowser -->
        <test-method status="PASS" signature="TC_DD_PDP_Quantity_Cases(java.util.Hashtable)[pri:0, instance:com.dollardays.testcases.Team9_PDP_PopUpTestCases@58c1c010]" name="TC_DD_PDP_Quantity_Cases" duration-ms="27895" started-at="2020-10-16T16:52:14 EDT" data-provider="dd-dataprovider" finished-at="2020-10-16T16:52:42 EDT">
          <params>
            <param index="0">
              <value>
                <![CDATA[{Close Popup?=CloseBtn, TestCase=Invalid Qty,  Unlimited checkbox unchecked, Close popup by pressing Close button, TCID=TC3, SheetName=Popup, Runmode=No, UserName=srikanthtesting100@gmail.com, Password=cGFzc3dvcmQxMjM=, Unlimited Check?=No, Qty=100000.0}]]>
              </value>
            </param>
          </params>
          <reporter-output>
          </reporter-output>
        </test-method> <!-- TC_DD_PDP_Quantity_Cases -->
        <test-method status="PASS" signature="quit()[pri:0, instance:com.dollardays.testcases.Team9_PDP_PopUpTestCases@58c1c010]" name="quit" is-config="true" duration-ms="855" started-at="2020-10-16T16:52:42 EDT" finished-at="2020-10-16T16:52:43 EDT">
          <reporter-output>
          </reporter-output>
        </test-method> <!-- quit -->
        <test-method status="PASS" signature="setUpBrowser()[pri:0, instance:com.dollardays.testcases.Team9_PDP_PopUpTestCases@58c1c010]" name="setUpBrowser" is-config="true" duration-ms="10107" started-at="2020-10-16T16:52:43 EDT" finished-at="2020-10-16T16:52:53 EDT">
          <reporter-output>
          </reporter-output>
        </test-method> <!-- setUpBrowser -->
        <test-method status="PASS" signature="TC_DD_PDP_Quantity_Cases(java.util.Hashtable)[pri:0, instance:com.dollardays.testcases.Team9_PDP_PopUpTestCases@58c1c010]" name="TC_DD_PDP_Quantity_Cases" duration-ms="24949" started-at="2020-10-16T16:52:53 EDT" data-provider="dd-dataprovider" finished-at="2020-10-16T16:53:18 EDT">
          <params>
            <param index="0">
              <value>
                <![CDATA[{Close Popup?=Invalid, TestCase=Zero Qty,  Unlimited checkbox checked, TCID=TC4, SheetName=Popup, Runmode=No, UserName=srikanthtesting100@gmail.com, Password=cGFzc3dvcmQxMjM=, Unlimited Check?=Yes, Qty=0.0}]]>
              </value>
            </param>
          </params>
          <reporter-output>
          </reporter-output>
        </test-method> <!-- TC_DD_PDP_Quantity_Cases -->
        <test-method status="PASS" signature="quit()[pri:0, instance:com.dollardays.testcases.Team9_PDP_PopUpTestCases@58c1c010]" name="quit" is-config="true" duration-ms="1025" started-at="2020-10-16T16:53:18 EDT" finished-at="2020-10-16T16:53:19 EDT">
          <reporter-output>
          </reporter-output>
        </test-method> <!-- quit -->
        <test-method status="PASS" signature="setUpBrowser()[pri:0, instance:com.dollardays.testcases.Team9_PDP_PopUpTestCases@58c1c010]" name="setUpBrowser" is-config="true" duration-ms="11148" started-at="2020-10-16T16:53:19 EDT" finished-at="2020-10-16T16:53:30 EDT">
          <reporter-output>
          </reporter-output>
        </test-method> <!-- setUpBrowser -->
        <test-method status="PASS" signature="TC_DD_PDP_Quantity_Cases(java.util.Hashtable)[pri:0, instance:com.dollardays.testcases.Team9_PDP_PopUpTestCases@58c1c010]" name="TC_DD_PDP_Quantity_Cases" duration-ms="27330" started-at="2020-10-16T16:53:30 EDT" data-provider="dd-dataprovider" finished-at="2020-10-16T16:53:58 EDT">
          <params>
            <param index="0">
              <value>
                <![CDATA[{Close Popup?=Invalid, TestCase=Valid Qty,  Unlimited checkbox checked, TCID=TC5, SheetName=Popup, Runmode=No, UserName=srikanthtesting100@gmail.com, Password=cGFzc3dvcmQxMjM=, Unlimited Check?=Yes, Qty=10.0}]]>
              </value>
            </param>
          </params>
          <reporter-output>
          </reporter-output>
        </test-method> <!-- TC_DD_PDP_Quantity_Cases -->
        <test-method status="PASS" signature="quit()[pri:0, instance:com.dollardays.testcases.Team9_PDP_PopUpTestCases@58c1c010]" name="quit" is-config="true" duration-ms="2038" started-at="2020-10-16T16:53:58 EDT" finished-at="2020-10-16T16:54:00 EDT">
          <reporter-output>
          </reporter-output>
        </test-method> <!-- quit -->
        <test-method status="PASS" signature="setUpBrowser()[pri:0, instance:com.dollardays.testcases.Team9_PDP_PopUpTestCases@58c1c010]" name="setUpBrowser" is-config="true" duration-ms="10300" started-at="2020-10-16T16:54:00 EDT" finished-at="2020-10-16T16:54:10 EDT">
          <reporter-output>
          </reporter-output>
        </test-method> <!-- setUpBrowser -->
        <test-method status="PASS" signature="TC_DD_PDP_Quantity_Cases(java.util.Hashtable)[pri:0, instance:com.dollardays.testcases.Team9_PDP_PopUpTestCases@58c1c010]" name="TC_DD_PDP_Quantity_Cases" duration-ms="26116" started-at="2020-10-16T16:54:10 EDT" data-provider="dd-dataprovider" finished-at="2020-10-16T16:54:36 EDT">
          <params>
            <param index="0">
              <value>
                <![CDATA[{Close Popup?=Invalid, TestCase=Invalid Qty,  Unlimited checkbox checked, TCID=TC6, SheetName=Popup, Runmode=No, UserName=srikanthtesting100@gmail.com, Password=cGFzc3dvcmQxMjM=, Unlimited Check?=Yes, Qty=100000.0}]]>
              </value>
            </param>
          </params>
          <reporter-output>
          </reporter-output>
        </test-method> <!-- TC_DD_PDP_Quantity_Cases -->
        <test-method status="PASS" signature="quit()[pri:0, instance:com.dollardays.testcases.Team9_PDP_PopUpTestCases@58c1c010]" name="quit" is-config="true" duration-ms="945" started-at="2020-10-16T16:54:36 EDT" finished-at="2020-10-16T16:54:37 EDT">
          <reporter-output>
          </reporter-output>
        </test-method> <!-- quit -->
        <test-method status="PASS" signature="setUpBrowser()[pri:0, instance:com.dollardays.testcases.Team9_PDP_PopUpTestCases@58c1c010]" name="setUpBrowser" is-config="true" duration-ms="9491" started-at="2020-10-16T16:54:37 EDT" finished-at="2020-10-16T16:54:47 EDT">
          <reporter-output>
          </reporter-output>
        </test-method> <!-- setUpBrowser -->
        <test-method status="PASS" signature="TC_DD_PDP_Quantity_Cases(java.util.Hashtable)[pri:0, instance:com.dollardays.testcases.Team9_PDP_PopUpTestCases@58c1c010]" name="TC_DD_PDP_Quantity_Cases" duration-ms="27978" started-at="2020-10-16T16:54:47 EDT" data-provider="dd-dataprovider" finished-at="2020-10-16T16:55:15 EDT">
          <params>
            <param index="0">
              <value>
                <![CDATA[{Close Popup?=Outside, TestCase=Zero Qty,  Unlimited checkbox unchecked, Close popup by pressing outside the popup, TCID=TC7, SheetName=Popup, Runmode=No, UserName=srikanthtesting100@gmail.com, Password=cGFzc3dvcmQxMjM=, Unlimited Check?=No, Qty=0.0}]]>
              </value>
            </param>
          </params>
          <reporter-output>
          </reporter-output>
        </test-method> <!-- TC_DD_PDP_Quantity_Cases -->
        <test-method status="PASS" signature="quit()[pri:0, instance:com.dollardays.testcases.Team9_PDP_PopUpTestCases@58c1c010]" name="quit" is-config="true" duration-ms="879" started-at="2020-10-16T16:55:15 EDT" finished-at="2020-10-16T16:55:16 EDT">
          <reporter-output>
          </reporter-output>
        </test-method> <!-- quit -->
        <test-method status="PASS" signature="setUpBrowser()[pri:0, instance:com.dollardays.testcases.Team9_PDP_PopUpTestCases@58c1c010]" name="setUpBrowser" is-config="true" duration-ms="8741" started-at="2020-10-16T16:55:16 EDT" finished-at="2020-10-16T16:55:24 EDT">
          <reporter-output>
          </reporter-output>
        </test-method> <!-- setUpBrowser -->
        <test-method status="PASS" signature="TC_DD_PDP_Quantity_Cases(java.util.Hashtable)[pri:0, instance:com.dollardays.testcases.Team9_PDP_PopUpTestCases@58c1c010]" name="TC_DD_PDP_Quantity_Cases" duration-ms="25610" started-at="2020-10-16T16:55:24 EDT" data-provider="dd-dataprovider" finished-at="2020-10-16T16:55:50 EDT">
          <params>
            <param index="0">
              <value>
                <![CDATA[{Close Popup?=Outside, TestCase=Invalid Qty,  Unlimited checkbox unchecked, Close popup by pressing outside the popup, TCID=TC8, SheetName=Popup, Runmode=No, UserName=srikanthtesting100@gmail.com, Password=cGFzc3dvcmQxMjM=, Unlimited Check?=No, Qty=100000.0}]]>
              </value>
            </param>
          </params>
          <reporter-output>
          </reporter-output>
        </test-method> <!-- TC_DD_PDP_Quantity_Cases -->
        <test-method status="PASS" signature="quit()[pri:0, instance:com.dollardays.testcases.Team9_PDP_PopUpTestCases@58c1c010]" name="quit" is-config="true" duration-ms="917" started-at="2020-10-16T16:55:50 EDT" finished-at="2020-10-16T16:55:51 EDT">
          <reporter-output>
          </reporter-output>
        </test-method> <!-- quit -->
        <test-method status="PASS" signature="afterClass()[pri:0, instance:com.dollardays.testcases.Team9_PDP_PopUpTestCases@58c1c010]" name="afterClass" is-config="true" duration-ms="0" started-at="2020-10-16T16:55:51 EDT" finished-at="2020-10-16T16:55:51 EDT">
          <reporter-output>
          </reporter-output>
        </test-method> <!-- afterClass -->
      </class> <!-- com.dollardays.testcases.Team9_PDP_PopUpTestCases -->
    </test> <!-- Test-class test -->
  </suite> <!-- Parallel Class Runs -->
</testng-results>
